<?xml version="1.0" encoding="UTF-8"?>
<testng-results skipped="0" failed="0" ignored="0" total="1" passed="1">
  <reporter-output>
  </reporter-output>
  <suite name="Default suite" duration-ms="13334" started-at="2020-07-10T17:04:21 IST" finished-at="2020-07-10T17:04:34 IST">
    <groups>
    </groups>
    <test name="Default test" duration-ms="13334" started-at="2020-07-10T17:04:21 IST" finished-at="2020-07-10T17:04:34 IST">
      <class name="CitronGlobal.Udemy_Framework_EndToEnd.Login_Test">
        <test-method status="PASS" signature="login()[pri:0, instance:CitronGlobal.Udemy_Framework_EndToEnd.Login_Test@6321e813]" name="login" duration-ms="13251" started-at="2020-07-10T17:04:21 IST" finished-at="2020-07-10T17:04:34 IST">
          <reporter-output>
          </reporter-output>
        </test-method> <!-- login -->
      </class> <!-- CitronGlobal.Udemy_Framework_EndToEnd.Login_Test -->
    </test> <!-- Default test -->
  </suite> <!-- Default suite -->
</testng-results>
